SF:lib/src/state.dart
DA:47,7
DA:63,6
DA:64,12
DA:75,7
DA:76,7
DA:77,21
DA:78,21
DA:79,14
DA:80,12
DA:81,5
DA:88,6
DA:89,6
DA:96,3
DA:97,3
DA:98,6
DA:100,6
DA:101,6
DA:102,6
DA:103,3
DA:112,3
DA:113,3
DA:117,6
DA:118,12
DA:122,5
DA:123,10
DA:127,4
DA:128,4
DA:130,4
DA:131,4
DA:133,4
DA:138,6
DA:139,12
DA:140,6
DA:144,3
DA:145,6
DA:146,3
DA:154,2
DA:155,8
DA:156,4
DA:158,4
DA:159,3
DA:160,1
DA:162,4
DA:163,2
DA:164,2
DA:168,6
DA:171,1
DA:172,3
DA:173,3
DA:174,0
DA:177,4
DA:178,4
DA:182,7
DA:183,7
DA:184,21
DA:187,7
DA:202,5
DA:204,7
DA:205,10
DA:206,10
DA:207,9
DA:209,28
DA:213,1
DA:218,1
DA:219,0
DA:220,0
DA:221,2
DA:222,2
DA:224,1
DA:229,1
DA:230,3
DA:231,2
DA:232,2
DA:233,2
DA:236,5
DA:237,10
DA:238,10
DA:242,7
DA:243,2
DA:247,10
DA:250,2
DA:251,1
DA:259,5
DA:260,10
DA:261,8
DA:262,6
DA:263,6
DA:267,3
DA:270,2
DA:271,6
DA:272,10
DA:273,10
DA:274,10
DA:275,10
DA:276,8
DA:277,8
DA:278,8
DA:279,8
DA:282,5
DA:284,25
DA:285,21
DA:286,21
DA:287,18
DA:327,4
DA:331,2
DA:332,4
DA:333,2
DA:337,1
DA:338,2
DA:339,1
DA:344,3
DA:347,3
DA:348,6
DA:349,3
DA:350,0
DA:356,1
DA:358,1
DA:363,4
DA:366,9
DA:368,9
DA:369,4
DA:372,8
DA:373,8
DA:374,2
DA:375,4
DA:376,2
DA:379,4
DA:380,1
DA:384,8
DA:385,3
DA:386,4
DA:387,1
DA:401,4
DA:402,4
DA:403,12
DA:405,4
DA:411,0
DA:412,0
DA:413,0
DA:418,1
DA:421,0
DA:422,0
DA:423,0
DA:426,4
DA:427,8
DA:431,4
DA:432,4
DA:433,6
DA:436,4
DA:467,7
DA:468,14
DA:469,21
DA:470,14
DA:471,16
DA:472,2
DA:474,9
DA:475,2
DA:482,2
DA:484,6
DA:489,7
DA:491,13
DA:493,6
DA:496,12
DA:498,4
DA:500,12
DA:508,4
DA:509,16
DA:510,4
DA:514,3
DA:515,6
DA:525,1
DA:526,3
DA:528,2
DA:531,1
DA:537,1
DA:538,2
DA:542,1
DA:543,3
DA:544,1
DA:549,3
DA:550,9
DA:554,4
DA:555,8
DA:560,2
DA:562,2
DA:563,2
DA:570,4
DA:571,0
DA:572,8
DA:576,4
DA:577,11
DA:578,3
DA:579,3
DA:580,3
DA:583,8
DA:589,3
DA:590,6
DA:591,3
DA:595,0
DA:596,0
DA:597,0
DA:601,12
DA:605,7
DA:606,7
DA:607,6
DA:610,7
DA:630,2
DA:631,2
DA:632,4
DA:633,2
DA:634,2
DA:635,4
DA:642,1
DA:644,1
DA:649,0
DA:651,0
DA:656,2
DA:658,4
DA:660,3
DA:663,6
DA:665,6
DA:671,0
DA:672,0
DA:676,2
DA:677,4
DA:692,1
DA:693,1
DA:694,2
DA:695,1
DA:696,1
DA:697,2
DA:704,1
DA:706,1
DA:711,0
DA:713,0
DA:718,1
DA:720,2
DA:722,4
DA:725,4
DA:726,1
DA:727,3
DA:733,0
DA:734,0
DA:738,1
DA:739,3
LF:245
LH:223
end_of_record
SF:lib/src/state_extended.dart
DA:7,1
DA:9,3
DA:11,3
DA:13,1
DA:15,4
DA:18,1
DA:20,4
DA:27,1
DA:29,3
DA:31,3
DA:33,1
DA:35,4
DA:38,1
DA:40,4
LF:14
LH:14
end_of_record
SF:lib/src/behaviour.dart
DA:29,2
DA:31,2
DA:34,4
DA:40,49
DA:66,1
DA:71,1
DA:73,2
DA:74,3
DA:75,2
DA:81,1
DA:83,1
DA:84,1
DA:85,0
DA:86,4
DA:87,2
DA:93,1
DA:94,2
DA:95,0
DA:96,0
DA:97,2
DA:104,1
DA:105,2
DA:106,2
DA:107,2
DA:108,0
DA:115,1
DA:116,4
DA:117,0
DA:162,1
DA:167,1
DA:169,1
DA:170,1
DA:171,1
DA:177,1
DA:179,1
DA:180,1
DA:181,0
DA:182,4
DA:183,2
DA:189,1
DA:190,2
DA:191,2
DA:192,0
DA:193,1
DA:200,1
DA:201,2
DA:202,2
DA:203,0
DA:204,1
DA:211,0
DA:212,0
DA:213,0
DA:249,2
DA:252,4
DA:253,2
DA:254,4
DA:256,2
DA:257,2
DA:259,2
DA:260,4
DA:262,2
DA:263,2
DA:265,2
DA:266,0
DA:273,2
DA:275,3
DA:276,1
DA:282,2
DA:284,4
DA:285,2
DA:291,2
DA:293,3
DA:294,1
DA:300,1
DA:302,1
DA:303,0
DA:320,1
DA:322,1
DA:323,3
DA:324,1
DA:329,1
DA:331,1
DA:336,0
DA:338,0
DA:343,1
DA:345,1
DA:348,3
DA:351,3
DA:354,1
DA:355,1
DA:361,1
DA:363,1
DA:364,1
DA:365,1
DA:372,1
DA:374,1
DA:375,1
DA:376,1
DA:399,10
DA:400,2
DA:401,8
DA:402,2
DA:405,2
DA:413,4
DA:414,2
DA:415,4
DA:417,2
DA:418,6
DA:419,2
DA:420,2
DA:424,1
DA:426,1
DA:429,2
DA:431,4
DA:434,1
DA:436,1
DA:439,1
DA:441,1
LF:118
LH:103
end_of_record
SF:lib/src/widgets.dart
DA:14,2
DA:19,0
DA:20,0
DA:23,1
DA:25,2
DA:28,1
DA:32,0
DA:34,1
DA:35,1
DA:37,2
DA:38,2
DA:41,2
DA:42,2
DA:44,0
DA:46,0
DA:53,1
DA:55,0
DA:56,1
DA:58,1
DA:59,1
DA:67,1
DA:69,2
DA:72,1
DA:74,3
DA:75,3
DA:76,2
DA:77,1
DA:80,1
DA:82,2
DA:83,2
DA:84,3
DA:85,1
DA:88,1
DA:89,3
DA:90,3
DA:99,1
DA:101,0
DA:102,0
DA:103,1
DA:105,1
DA:106,1
DA:108,0
DA:116,1
DA:118,2
DA:121,1
DA:123,1
DA:124,3
DA:125,3
DA:126,3
DA:127,2
DA:130,1
DA:132,2
DA:133,2
DA:134,3
DA:135,5
DA:136,1
DA:139,1
DA:140,3
DA:141,3
DA:155,1
DA:157,1
DA:161,1
DA:165,1
DA:172,1
DA:174,3
DA:175,0
DA:176,1
DA:177,3
DA:178,3
DA:179,1
DA:182,1
DA:184,3
DA:187,1
DA:189,1
DA:192,0
DA:194,0
DA:197,1
DA:198,2
DA:201,1
DA:203,2
DA:204,1
DA:209,1
DA:210,1
DA:212,1
DA:213,1
DA:226,1
DA:228,1
DA:232,1
DA:236,1
DA:243,1
DA:245,3
DA:246,0
DA:247,1
DA:248,4
DA:249,2
DA:250,1
DA:253,1
DA:255,3
DA:258,1
DA:259,2
DA:262,1
DA:264,1
DA:267,0
DA:269,0
DA:272,0
DA:274,0
DA:277,1
DA:279,2
DA:280,1
DA:285,1
DA:286,1
DA:288,1
DA:289,1
LF:113
LH:96
end_of_record
SF:lib/src/widgets_extended.dart
DA:17,1
DA:19,1
DA:24,1
DA:28,1
DA:39,1
DA:41,2
DA:42,1
DA:45,1
DA:47,3
DA:48,0
DA:49,1
DA:50,3
DA:51,3
DA:52,5
DA:53,1
DA:56,0
DA:58,0
DA:59,0
DA:62,1
DA:63,5
DA:64,1
DA:66,1
DA:67,4
DA:68,4
DA:71,1
DA:73,4
DA:74,2
DA:75,2
DA:77,1
DA:78,1
DA:81,1
DA:83,4
DA:86,1
DA:87,1
DA:89,1
DA:90,0
DA:92,2
DA:95,1
DA:98,0
DA:100,0
DA:102,3
DA:104,1
DA:106,0
DA:108,0
DA:112,0
DA:114,0
DA:117,1
DA:119,2
DA:120,2
DA:121,1
DA:134,1
DA:144,1
DA:146,1
DA:148,1
DA:165,1
DA:167,1
DA:171,1
DA:175,1
DA:182,1
DA:184,3
DA:185,0
DA:186,1
DA:187,3
DA:188,3
DA:189,1
DA:192,1
DA:194,3
DA:197,1
DA:199,1
DA:202,0
DA:204,0
DA:207,1
DA:208,2
DA:211,1
DA:213,2
DA:214,1
DA:219,1
DA:221,1
DA:223,1
DA:225,1
DA:238,1
DA:240,1
DA:245,1
DA:249,1
DA:261,1
DA:263,2
DA:264,1
DA:267,1
DA:269,3
DA:270,0
DA:271,1
DA:272,3
DA:273,3
DA:274,5
DA:275,1
DA:278,0
DA:280,0
DA:281,0
DA:284,1
DA:285,5
DA:286,1
DA:288,1
DA:289,4
DA:290,4
DA:293,1
DA:295,4
DA:296,2
DA:297,2
DA:299,1
DA:300,1
DA:303,1
DA:305,4
DA:308,1
DA:309,1
DA:311,1
DA:312,0
DA:314,2
DA:317,1
DA:320,0
DA:322,0
DA:324,3
DA:326,1
DA:328,0
DA:330,0
DA:334,0
DA:336,0
DA:339,1
DA:341,2
DA:342,2
DA:343,1
DA:357,1
DA:367,1
DA:369,1
DA:371,1
DA:388,1
DA:390,1
DA:395,1
DA:399,1
DA:406,1
DA:408,3
DA:409,0
DA:410,1
DA:411,3
DA:412,3
DA:413,1
DA:416,1
DA:418,3
DA:421,1
DA:423,1
DA:426,0
DA:428,0
DA:431,1
DA:432,2
DA:435,1
DA:437,2
DA:438,1
DA:443,1
DA:445,1
DA:447,1
DA:449,1
DA:462,1
DA:464,1
DA:469,1
DA:473,1
DA:485,1
DA:487,2
DA:488,1
DA:491,1
DA:493,3
DA:494,0
DA:495,1
DA:496,3
DA:497,3
DA:498,5
DA:499,1
DA:502,0
DA:504,0
DA:505,0
DA:508,1
DA:510,4
DA:511,2
DA:512,2
DA:514,1
DA:515,1
DA:518,1
DA:519,5
DA:520,1
DA:522,1
DA:523,4
DA:524,4
DA:527,1
DA:529,4
DA:532,1
DA:533,1
DA:535,1
DA:536,0
DA:538,2
DA:541,1
DA:544,0
DA:546,0
DA:548,3
DA:550,1
DA:552,0
DA:554,0
DA:558,0
DA:560,0
DA:563,1
DA:565,2
DA:566,2
DA:567,1
DA:581,1
DA:591,1
DA:593,1
DA:595,1
LF:214
LH:175
end_of_record
